<?xml version="1.0" encoding="UTF-8"?>
<TestRun id="bdc1e71d-197f-427b-ad0c-a5486b3c5391" name="IgorNB@IGORNB-PC 2011-11-07 01:48:29" runUser="IgorNB-PC\IgorNB" xmlns="http://microsoft.com/schemas/VisualStudio/TeamTest/2010">
  <TestSettings name="Local" id="27f7cbb2-2391-46ed-93e5-459bf1a33da9">
    <Description>These are default test settings for a local test run.</Description>
    <Deployment enabled="false" runDeploymentRoot="IgorNB_IGORNB-PC 2011-11-07 01_48_29">
      <DeploymentItem filename="C:\Users\IgorNB\Dropbox\ciencia da computacao\LC\PROJETO_FINAL_LC\PROJETO_FINAL_LC\bin\Debug\PROJETO_FINAL_LC.exe" />
    </Deployment>
    <Execution>
      <TestTypeSpecific />
      <AgentRule name="Execution Agents">
      </AgentRule>
    </Execution>
  </TestSettings>
  <Times creation="2011-11-07T01:48:29.0448714-02:00" queuing="2011-11-07T01:48:29.0528719-02:00" start="2011-11-07T01:48:29.1028748-02:00" finish="2011-11-07T01:48:29.4128925-02:00" />
  <ResultSummary outcome="Warning">
    <Counters total="2" executed="2" passed="2" error="0" failed="0" timeout="0" aborted="0" inconclusive="0" passedButRunAborted="0" notRunnable="0" notExecuted="0" disconnected="0" warning="0" completed="0" inProgress="0" pending="0" />
    <RunInfos>
      <RunInfo computerName="IGORNB-PC" outcome="Warning" timestamp="2011-11-07T01:48:29.0528719-02:00">
        <Text>Deployment is currently disabled. The deployment item 'PROJETO_FINAL_LC.exe' on test 'ProjetoFinalTest.VideoRegistrationFormTest.updateDurationTest1' was not deployed.</Text>
      </RunInfo>
    </RunInfos>
  </ResultSummary>
  <TestDefinitions>
    <UnitTest name="updateDurationTest1" storage="c:\users\igornb\dropbox\ciencia da computacao\lc\projeto_final_lc\projetofinaltest\bin\debug\projetofinaltest.dll" id="c17a348b-c396-14df-a2de-b620e12493d5">
      <DeploymentItems>
        <DeploymentItem filename="PROJETO_FINAL_LC.exe" />
      </DeploymentItems>
      <Execution id="db3d6bae-3d22-45e2-ade2-ff85720e9948" />
      <TestMethod codeBase="C:/Users/IgorNB/Dropbox/ciencia da computacao/LC/PROJETO_FINAL_LC/ProjetoFinalTest/bin/Debug/ProjetoFinalTest.DLL" adapterTypeName="Microsoft.VisualStudio.TestTools.TestTypes.Unit.UnitTestAdapter, Microsoft.VisualStudio.QualityTools.Tips.UnitTest.Adapter, Version=10.0.0.0, Culture=neutral, PublicKeyToken=b03f5f7f11d50a3a" className="ProjetoFinalTest.VideoRegistrationFormTest, ProjetoFinalTest, Version=1.0.0.0, Culture=neutral, PublicKeyToken=null" name="updateDurationTest1" />
    </UnitTest>
    <UnitTest name="updateDurationTest2" storage="c:\users\igornb\dropbox\ciencia da computacao\lc\projeto_final_lc\projetofinaltest\bin\debug\projetofinaltest.dll" id="cef5462b-677f-ee4d-fa4b-f480e73c186e">
      <DeploymentItems>
        <DeploymentItem filename="PROJETO_FINAL_LC.exe" />
      </DeploymentItems>
      <Execution id="02d3dcf6-12d9-4ecf-ba5b-1cfc818523f3" />
      <TestMethod codeBase="C:/Users/IgorNB/Dropbox/ciencia da computacao/LC/PROJETO_FINAL_LC/ProjetoFinalTest/bin/Debug/ProjetoFinalTest.DLL" adapterTypeName="Microsoft.VisualStudio.TestTools.TestTypes.Unit.UnitTestAdapter, Microsoft.VisualStudio.QualityTools.Tips.UnitTest.Adapter, Version=10.0.0.0, Culture=neutral, PublicKeyToken=b03f5f7f11d50a3a" className="ProjetoFinalTest.VideoRegistrationFormTest, ProjetoFinalTest, Version=1.0.0.0, Culture=neutral, PublicKeyToken=null" name="updateDurationTest2" />
    </UnitTest>
  </TestDefinitions>
  <TestLists>
    <TestList name="Results Not in a List" id="8c84fa94-04c1-424b-9868-57a2d4851a1d" />
    <TestList name="All Loaded Results" id="19431567-8539-422a-85d7-44ee4e166bda" />
  </TestLists>
  <TestEntries>
    <TestEntry testId="c17a348b-c396-14df-a2de-b620e12493d5" executionId="db3d6bae-3d22-45e2-ade2-ff85720e9948" testListId="8c84fa94-04c1-424b-9868-57a2d4851a1d" />
    <TestEntry testId="cef5462b-677f-ee4d-fa4b-f480e73c186e" executionId="02d3dcf6-12d9-4ecf-ba5b-1cfc818523f3" testListId="8c84fa94-04c1-424b-9868-57a2d4851a1d" />
  </TestEntries>
  <Results>
    <UnitTestResult executionId="db3d6bae-3d22-45e2-ade2-ff85720e9948" testId="c17a348b-c396-14df-a2de-b620e12493d5" testName="updateDurationTest1" computerName="IGORNB-PC" duration="00:00:00.0371415" startTime="2011-11-07T01:48:29.1098752-02:00" endTime="2011-11-07T01:48:29.3798906-02:00" testType="13cdc9d9-ddb5-4fa4-a97d-d965ccfc6d4b" outcome="Passed" testListId="8c84fa94-04c1-424b-9868-57a2d4851a1d" relativeResultsDirectory="db3d6bae-3d22-45e2-ade2-ff85720e9948">
    </UnitTestResult>
    <UnitTestResult executionId="02d3dcf6-12d9-4ecf-ba5b-1cfc818523f3" testId="cef5462b-677f-ee4d-fa4b-f480e73c186e" testName="updateDurationTest2" computerName="IGORNB-PC" duration="00:00:00.0058190" startTime="2011-11-07T01:48:29.3828908-02:00" endTime="2011-11-07T01:48:29.3958915-02:00" testType="13cdc9d9-ddb5-4fa4-a97d-d965ccfc6d4b" outcome="Passed" testListId="8c84fa94-04c1-424b-9868-57a2d4851a1d" relativeResultsDirectory="02d3dcf6-12d9-4ecf-ba5b-1cfc818523f3">
    </UnitTestResult>
  </Results>
</TestRun>