<?xml version="1.0" encoding="UTF-8"?>
<TestRun id="ef5c6236-0cbd-4390-90b7-0674880e0f55" name="IgorNB@IGORNB-PC 2011-11-07 01:40:23" runUser="IgorNB-PC\IgorNB" xmlns="http://microsoft.com/schemas/VisualStudio/TeamTest/2010">
  <TestSettings name="Local" id="27f7cbb2-2391-46ed-93e5-459bf1a33da9">
    <Description>These are default test settings for a local test run.</Description>
    <Deployment enabled="false" runDeploymentRoot="IgorNB_IGORNB-PC 2011-11-07 01_40_23">
      <DeploymentItem filename="C:\Users\IgorNB\Dropbox\ciencia da computacao\LC\PROJETO_FINAL_LC\PROJETO_FINAL_LC\bin\Debug\PROJETO_FINAL_LC.exe" />
    </Deployment>
    <Execution>
      <TestTypeSpecific />
      <AgentRule name="Execution Agents">
      </AgentRule>
    </Execution>
  </TestSettings>
  <Times creation="2011-11-07T01:40:23.9331246-02:00" queuing="2011-11-07T01:40:23.9451253-02:00" start="2011-11-07T01:40:24.0331304-02:00" finish="2011-11-07T01:40:24.3331475-02:00" />
  <ResultSummary outcome="Inconclusive">
    <Counters total="1" executed="1" error="0" failed="0" timeout="0" aborted="0" inconclusive="1" passedButRunAborted="0" notRunnable="0" notExecuted="0" disconnected="0" warning="0" passed="0" completed="0" inProgress="0" pending="0" />
    <RunInfos>
      <RunInfo computerName="IGORNB-PC" outcome="Warning" timestamp="2011-11-07T01:40:23.9441253-02:00">
        <Text>Deployment is currently disabled. The deployment item 'PROJETO_FINAL_LC.exe' on test 'ProjetoFinalTest.VideoRegistrationFormTest.updateDurationTest' was not deployed.</Text>
      </RunInfo>
    </RunInfos>
  </ResultSummary>
  <TestDefinitions>
    <UnitTest name="updateDurationTest" storage="c:\users\igornb\dropbox\ciencia da computacao\lc\projeto_final_lc\projetofinaltest\bin\debug\projetofinaltest.dll" id="76c6e133-4bc3-0838-57bf-9f8f9493bd61">
      <DeploymentItems>
        <DeploymentItem filename="PROJETO_FINAL_LC.exe" />
      </DeploymentItems>
      <Execution id="7b414e49-331c-4f70-bb0f-18262d2a1136" />
      <TestMethod codeBase="C:/Users/IgorNB/Dropbox/ciencia da computacao/LC/PROJETO_FINAL_LC/ProjetoFinalTest/bin/Debug/ProjetoFinalTest.DLL" adapterTypeName="Microsoft.VisualStudio.TestTools.TestTypes.Unit.UnitTestAdapter, Microsoft.VisualStudio.QualityTools.Tips.UnitTest.Adapter, Version=10.0.0.0, Culture=neutral, PublicKeyToken=b03f5f7f11d50a3a" className="ProjetoFinalTest.VideoRegistrationFormTest, ProjetoFinalTest, Version=1.0.0.0, Culture=neutral, PublicKeyToken=null" name="updateDurationTest" />
    </UnitTest>
  </TestDefinitions>
  <TestLists>
    <TestList name="Results Not in a List" id="8c84fa94-04c1-424b-9868-57a2d4851a1d" />
    <TestList name="All Loaded Results" id="19431567-8539-422a-85d7-44ee4e166bda" />
  </TestLists>
  <TestEntries>
    <TestEntry testId="76c6e133-4bc3-0838-57bf-9f8f9493bd61" executionId="7b414e49-331c-4f70-bb0f-18262d2a1136" testListId="8c84fa94-04c1-424b-9868-57a2d4851a1d" />
  </TestEntries>
  <Results>
    <UnitTestResult executionId="7b414e49-331c-4f70-bb0f-18262d2a1136" testId="76c6e133-4bc3-0838-57bf-9f8f9493bd61" testName="updateDurationTest" computerName="IGORNB-PC" duration="00:00:00.0639770" startTime="2011-11-07T01:40:23.9771272-02:00" endTime="2011-11-07T01:40:24.2921452-02:00" testType="13cdc9d9-ddb5-4fa4-a97d-d965ccfc6d4b" outcome="Inconclusive" testListId="8c84fa94-04c1-424b-9868-57a2d4851a1d" relativeResultsDirectory="7b414e49-331c-4f70-bb0f-18262d2a1136">
      <Output>
        <ErrorInfo>
          <Message>Assert.Inconclusive failed. A method that does not return a value cannot be verified.</Message>
          <StackTrace>   em ProjetoFinalTest.VideoRegistrationFormTest.updateDurationTest() na C:\Users\IgorNB\Dropbox\ciencia da computacao\LC\PROJETO_FINAL_LC\ProjetoFinalTest\VideoRegistrationFormTest.cs:linha 76
</StackTrace>
        </ErrorInfo>
      </Output>
    </UnitTestResult>
  </Results>
</TestRun>